<?xml version="1.0" encoding="UTF-8"?>
<!-- Generated by org.testng.reporters.JUnitReportReporter -->
<testsuite hostname="Sameer" failures="0" tests="3" name="com.luma.base.TestRunner" time="37.608" errors="0" timestamp="2024-03-26T09:10:16 IST" skipped="0">
  <testcase classname="com.luma.base.TestRunner" name="runScenario" time="14.305"/>
  <system-out/>
  <testcase classname="com.luma.base.TestRunner" name="runScenario" time="11.748"/>
  <system-out/>
  <testcase classname="com.luma.base.TestRunner" name="runScenario" time="11.555"/>
  <system-out/>
</testsuite> <!-- com.luma.base.TestRunner -->
